0 info it worked if it ends with ok
1 verbose cli [ 'node', '/usr/bin/npm', 'search', 'angular', 'route' ]
2 info using npm@1.3.6
3 info using node@v0.10.23
4 warn Building the local index for the first time, please be patient
5 verbose url raw /-/all
6 verbose url resolving [ 'https://registry.npmjs.org/', './-/all' ]
7 verbose url resolved https://registry.npmjs.org/-/all
8 info trying registry request attempt 1 at 08:51:55
9 http GET https://registry.npmjs.org/-/all
10 http 200 https://registry.npmjs.org/-/all
11 error TypeError: Object.keys called on non-object
11 error     at Function.keys (native)
11 error     at stripData (/usr/lib/node_modules/npm/lib/search.js:88:28)
11 error     at Array.map (native)
11 error     at filter (/usr/lib/node_modules/npm/lib/search.js:72:6)
11 error     at /usr/lib/node_modules/npm/lib/search.js:62:21
11 error     at /usr/lib/node_modules/npm-registry-client/lib/get.js:93:14
11 error     at /usr/lib/node_modules/graceful-fs/graceful-fs.js:103:5
11 error     at Object.oncomplete (fs.js:107:15)
12 error If you need help, you may report this log at:
12 error     <http://github.com/isaacs/npm/issues>
12 error or email it to:
12 error     <npm-@googlegroups.com>
13 error System Linux 3.11.10-100.fc18.i686
14 error command "node" "/usr/bin/npm" "search" "angular" "route"
15 error cwd /home/vpaslav/workspace/some_code-ui/static
16 error node -v v0.10.23
17 error npm -v 1.3.6
18 error type called_on_non_object
19 verbose exit [ 1, true ]
